<!DOCTYPE html PUBLIC "-//W3C//DTD XHTML 1.1//EN" "http://www.w3.org/TR/xhtml11/DTD/xhtml11.dtd">
<html xmlns="http://www.w3.org/1999/xhtml"><head><title>TestNG Report</title><style type="text/css">table {margin-bottom:10px;border-collapse:collapse;empty-cells:show}th,td {border:1px solid #009;padding:.25em .5em}th {vertical-align:bottom}td {vertical-align:top}table a {font-weight:bold}.stripe td {background-color: #E6EBF9}.num {text-align:right}.passedodd td {background-color: #3F3}.passedeven td {background-color: #0A0}.skippedodd td {background-color: #DDD}.skippedeven td {background-color: #CCC}.failedodd td,.attn {background-color: #F33}.failedeven td,.stripe .attn {background-color: #D00}.stacktrace {white-space:pre;font-family:monospace}.totop {font-size:85%;text-align:center;border-bottom:2px solid #000}</style></head><body><table><tr><th>Test</th><th># Passed</th><th># Skipped</th><th># Failed</th><th>Time (ms)</th><th>Included Groups</th><th>Excluded Groups</th></tr><tr><th colspan="7">JagdPantherSuit</th></tr><tr><td><a href="#t0">Acceptance</a></td><td class="num">8</td><td class="num">0</td><td class="num attn">1</td><td class="num">235,260</td><td></td><td></td></tr></table><table><thead><tr><th>Class</th><th>Method</th><th>Start</th><th>Time (ms)</th></tr></thead><tbody><tr><th colspan="4">JagdPantherSuit</th></tr></tbody><tbody id="t0"><tr><th colspan="4">Acceptance &#8212; failed</th></tr><tr class="failedeven"><td rowspan="1">test.VerifyCreateNewRegisteredUser</td><td><a href="#m0">testVerifyNewRegisteredUserCreated</a></td><td rowspan="1">1422802446929</td><td rowspan="1">55082</td></tr><tr><th colspan="4">Acceptance &#8212; passed</th></tr><tr class="passedeven"><td rowspan="1">test.SeeApplicants</td><td><a href="#m1">verifyApplicant</a></td><td rowspan="1">1422802567203</td><td rowspan="1">12723</td></tr><tr class="passedodd"><td rowspan="1">test.SeeRegisteredUsers</td><td><a href="#m2">SeeUsers</a></td><td rowspan="1">1422802560296</td><td rowspan="1">6907</td></tr><tr class="passedeven"><td rowspan="1">test.VerifyCreateNewProgram</td><td><a href="#m3">testVerifyNewProgramCreated</a></td><td rowspan="1">1422802415825</td><td rowspan="1">31104</td></tr><tr class="passedodd"><td rowspan="2">test.VerifyCreateNewRegisteredUser</td><td><a href="#m4">testVerifyNewRegisteredUserCreated</a></td><td rowspan="2">1422802502027</td><td rowspan="2">28049</td></tr><tr class="passedodd"><td><a href="#m5">testVerifyNewRegisteredUserCreated</a></td></tr><tr class="passedeven"><td rowspan="3">test.VerifyCreateNewStage</td><td><a href="#m6">testVerifyNewStageCreated</a></td><td rowspan="3">1422802367074</td><td rowspan="3">24642</td></tr><tr class="passedeven"><td><a href="#m7">testVerifyNewStageCreated</a></td></tr><tr class="passedeven"><td><a href="#m8">testVerifyNewStageCreated</a></td></tr></tbody></table><h2>Acceptance</h2><h3 id="m0">test.VerifyCreateNewRegisteredUser#testVerifyNewRegisteredUserCreated</h3><table class="result"><tr class="param"><th>Parameter #1</th><th>Parameter #2</th><th>Parameter #3</th><th>Parameter #4</th></tr><tr class="param stripe"><td>006</td><td>23</td><td>21</td><td>user1@user.com</td></tr><tr><th colspan="4">Exception</th></tr><tr><td colspan="4"><div class="stacktrace">org.openqa.selenium.NoSuchElementException: Unable to locate element: {&quot;method&quot;:&quot;id&quot;,&quot;selector&quot;:&quot;j_id_t:AllUserTable_data&quot;}
Command duration or timeout: 30.56 seconds
For documentation on this error, please visit: http://seleniumhq.org/exceptions/no_such_element.html
Build info: version: &apos;2.44.0&apos;, revision: &apos;76d78cf&apos;, time: &apos;2014-10-23 20:03:00&apos;
System info: host: &apos;JOS&apos;, ip: &apos;192.168.217.1&apos;, os.name: &apos;Windows 8.1&apos;, os.arch: &apos;amd64&apos;, os.version: &apos;6.3&apos;, java.version: &apos;1.8.0_25&apos;
Driver info: org.openqa.selenium.firefox.FirefoxDriver
Capabilities [{applicationCacheEnabled=true, rotatable=false, handlesAlerts=true, databaseEnabled=true, version=35.0.1, platform=WINDOWS, nativeEvents=false, acceptSslCerts=true, webStorageEnabled=true, locationContextEnabled=true, browserName=firefox, takesScreenshot=true, javascriptEnabled=true, cssSelectorsEnabled=true}]
Session ID: 2ba657a2-af11-40ea-890c-ffaa9a564eb0
	at org.openqa.selenium.remote.ErrorHandler.createThrowable(ErrorHandler.java:204)
	at org.openqa.selenium.remote.ErrorHandler.throwIfResponseFailed(ErrorHandler.java:156)
	at org.openqa.selenium.remote.RemoteWebDriver.execute(RemoteWebDriver.java:599)
	at org.openqa.selenium.remote.RemoteWebDriver.findElement(RemoteWebDriver.java:352)
	at org.openqa.selenium.remote.RemoteWebDriver.findElementById(RemoteWebDriver.java:393)
	at org.openqa.selenium.By$ById.findElement(By.java:214)
	at org.openqa.selenium.remote.RemoteWebDriver.findElement(RemoteWebDriver.java:344)
	at org.openqa.selenium.support.pagefactory.DefaultElementLocator.findElement(DefaultElementLocator.java:59)
	at org.openqa.selenium.support.pagefactory.internal.LocatingElementHandler.invoke(LocatingElementHandler.java:37)
	at com.sun.proxy.$Proxy7.getText(Unknown Source)
	at pages.RegisteredUser.RegisteredUserPage.isNameinTable(RegisteredUserPage.java:36)
	at test.VerifyCreateNewRegisteredUser.testVerifyNewRegisteredUserCreated(VerifyCreateNewRegisteredUser.java:28)
Caused by: org.openqa.selenium.NoSuchElementException: Unable to locate element: {&quot;method&quot;:&quot;id&quot;,&quot;selector&quot;:&quot;j_id_t:AllUserTable_data&quot;}
For documentation on this error, please visit: http://seleniumhq.org/exceptions/no_such_element.html
Build info: version: &apos;2.44.0&apos;, revision: &apos;76d78cf&apos;, time: &apos;2014-10-23 20:03:00&apos;
System info: host: &apos;JOS&apos;, ip: &apos;192.168.217.1&apos;, os.name: &apos;Windows 8.1&apos;, os.arch: &apos;amd64&apos;, os.version: &apos;6.3&apos;, java.version: &apos;1.8.0_25&apos;
Driver info: driver.version: unknown
	at &lt;anonymous class&gt;.FirefoxDriver.prototype.findElementInternal_(file:///C:/Users/JOSECA~1/AppData/Local/Temp/anonymous8087294419523177741webdriver-profile/extensions/fxdriver@googlecode.com/components/driver-component.js:9641:26)
	at &lt;anonymous class&gt;.fxdriver.Timer.prototype.setTimeout/&lt;.notify(file:///C:/Users/JOSECA~1/AppData/Local/Temp/anonymous8087294419523177741webdriver-profile/extensions/fxdriver@googlecode.com/components/driver-component.js:548:5)
... Removed 28 stack frames</div></td></tr></table><p class="totop"><a href="#summary">back to summary</a></p><h3 id="m1">test.SeeApplicants#verifyApplicant</h3><table class="result"></table><p class="totop"><a href="#summary">back to summary</a></p><h3 id="m2">test.SeeRegisteredUsers#SeeUsers</h3><table class="result"></table><p class="totop"><a href="#summary">back to summary</a></p><h3 id="m3">test.VerifyCreateNewProgram#testVerifyNewProgramCreated</h3><table class="result"></table><p class="totop"><a href="#summary">back to summary</a></p><h3 id="m4">test.VerifyCreateNewRegisteredUser#testVerifyNewRegisteredUserCreated</h3><table class="result"><tr class="param"><th>Parameter #1</th><th>Parameter #2</th><th>Parameter #3</th><th>Parameter #4</th></tr><tr class="param stripe"><td>004</td><td>24</td><td>21</td><td>user2@user.com</td></tr></table><p class="totop"><a href="#summary">back to summary</a></p><h3 id="m5">test.VerifyCreateNewRegisteredUser#testVerifyNewRegisteredUserCreated</h3><table class="result"><tr class="param"><th>Parameter #1</th><th>Parameter #2</th><th>Parameter #3</th><th>Parameter #4</th></tr><tr class="param stripe"><td>009</td><td>25</td><td>21</td><td>user3@user.com</td></tr></table><p class="totop"><a href="#summary">back to summary</a></p><h3 id="m6">test.VerifyCreateNewStage#testVerifyNewStageCreated</h3><table class="result"><tr class="param"><th>Parameter #1</th><th>Parameter #2</th><th>Parameter #3</th></tr><tr class="param stripe"><td>sdgdfhrteh</td><td>fdgdfs</td><td>fdgdsfdf</td></tr></table><p class="totop"><a href="#summary">back to summary</a></p><h3 id="m7">test.VerifyCreateNewStage#testVerifyNewStageCreated</h3><table class="result"><tr class="param"><th>Parameter #1</th><th>Parameter #2</th><th>Parameter #3</th></tr><tr class="param stripe"><td>name</td><td>tittle</td><td>description</td></tr></table><p class="totop"><a href="#summary">back to summary</a></p><h3 id="m8">test.VerifyCreateNewStage#testVerifyNewStageCreated</h3><table class="result"><tr class="param"><th>Parameter #1</th><th>Parameter #2</th><th>Parameter #3</th></tr><tr class="param stripe"><td>fdsfdsagdf</td><td>fsdfds</td><td>sdgffdgdfs</td></tr></table><p class="totop"><a href="#summary">back to summary</a></p></body></html>